Drill report for SH-ESP32.kicad_pcb
Created on Mon Apr 26 18:34:44 2021

Copper Layer Stackup:
    =============================================================
    L1 :  F.Cu                      front
    L2 :  In1.Cu                    in1
    L3 :  In2.Cu                    in2
    L4 :  B.Cu                      back


Drill file 'SH-ESP32.drl' contains
    plated through holes:
    =============================================================
    T1  0.20mm  0.008"  (45 holes)
    T2  0.35mm  0.014"  (2 holes)  (with 2 slots)
    T3  0.40mm  0.016"  (329 holes)
    T4  0.44mm  0.017"  (5 holes)
    T5  0.60mm  0.024"  (25 holes)
    T6  0.95mm  0.037"  (4 holes)
    T7  1.00mm  0.039"  (221 holes)

    Total plated holes count 631


Not plated through holes are merged with plated holes
    unplated through holes:
    =============================================================
    T8  3.20mm  0.126"  (2 holes)  (with 2 slots)

    Total unplated holes count 2
